<?xml version="1.0" encoding="UTF-8"?>
<!-- Generated by org.testng.reporters.JUnitXMLReporter -->
<testsuite ignored="0" hostname="ip-172-31-2-234" failures="1" tests="4" name="Test" time="4.731" errors="0" timestamp="2026-01-16T09:51:27 UTC">
  <testcase classname="testNg.testNg" name="verifyHomePageTitle" time="0.007">
    <failure type="java.lang.Error" message="Unresolved compilation problem: 
	The method assertTrue(String, boolean) in the type AssertJUnit is not applicable for the arguments (boolean, String)
">
      <![CDATA[java.lang.Error: Unresolved compilation problem: 
The method assertTrue(String, boolean) in the type AssertJUnit is not applicable for the arguments (boolean, String)

at testNg.testNg.verifyHomePageTitle(testNg.java:27)
at java.base/java.util.ArrayList.forEach(ArrayList.java:1541)
... Removed 27 stack frames]]>
    </failure>
  </testcase> <!-- verifyHomePageTitle -->
  <testcase classname="testNg.testNg" name="clickCreateAccount" time="0.028"/>
  <testcase classname="testNg.testNg" name="enterUserDetails" time="0.018"/>
  <testcase classname="testNg.testNg" name="verifyAvailabilityMessage" time="0.011"/>
</testsuite> <!-- Test -->
