<?xml version="1.0" encoding="UTF-8"?>
<!-- Generated by org.testng.reporters.JUnitReportReporter -->
<testsuite hostname="ip-172-31-2-234" failures="0" tests="3" name="simpleframework.RestfulApiTest" time="3.984" errors="0" timestamp="2026-01-20T07:31:35 UTC" skipped="0">
  <testcase classname="simpleframework.RestfulApiTest" name="getObjectByHardcodedId" time="0.213"/>
  <testcase classname="simpleframework.RestfulApiTest" name="getObjectUsingPathParam" time="0.205"/>
  <testcase classname="simpleframework.RestfulApiTest" name="getDifferentIdUsingPathParam" time="3.566"/>
</testsuite> <!-- simpleframework.RestfulApiTest -->
