<?xml version="1.0" encoding="UTF-8"?>
<!-- Generated by org.testng.reporters.JUnitXMLReporter -->
<testsuite ignored="0" hostname="ip-172-31-2-234" failures="1" tests="1" name="Create Account Title Test" time="4.085" errors="0" timestamp="2026-01-16T12:18:55 UTC">
  <testcase classname="tests.RediffCreateAccountTest" name="verifyCreateAccountPageTitle" time="0.593">
    <failure type="java.lang.AssertionError" message="Title does NOT match! expected [Create Rediffmail Account] but found [Rediffmail Free Unlimited Storage]">
      <![CDATA[java.lang.AssertionError: Title does NOT match! expected [Create Rediffmail Account] but found [Rediffmail Free Unlimited Storage]
at tests.RediffCreateAccountTest.verifyCreateAccountPageTitle(RediffCreateAccountTest.java:33)
at java.base/java.util.ArrayList.forEach(Unknown Source)
... Removed 32 stack frames]]>
    </failure>
  </testcase> <!-- verifyCreateAccountPageTitle -->
</testsuite> <!-- Create Account Title Test -->
