<?xml version="1.0" encoding="UTF-8"?>
<testng-results ignored="0" total="1" passed="1" failed="0" skipped="0">
  <reporter-output>
  </reporter-output>
  <suite started-at="2026-01-20T09:23:10 UTC" name="Default suite" finished-at="2026-01-20T09:23:13 UTC" duration-ms="3404">
    <groups>
    </groups>
    <test started-at="2026-01-20T09:23:10 UTC" name="Default test" finished-at="2026-01-20T09:23:13 UTC" duration-ms="3404">
      <class name="api.RestfulApiTest">
        <test-method signature="validateResponseSchema()[pri:0, instance:api.RestfulApiTest@292b08d6]" started-at="2026-01-20T09:23:10 UTC" name="validateResponseSchema" finished-at="2026-01-20T09:23:13 UTC" duration-ms="3352" status="PASS">
          <reporter-output>
          </reporter-output>
        </test-method> <!-- validateResponseSchema -->
      </class> <!-- api.RestfulApiTest -->
    </test> <!-- Default test -->
  </suite> <!-- Default suite -->
</testng-results>
